<?xml version="1.0" encoding="UTF-8"?>
<!-- Generated by org.testng.reporters.JUnitXMLReporter -->
<testsuite ignored="0" hostname="DESKTOP-1ODSTUU" failures="2" tests="2" name="Chrome Test" time="15.593" errors="0" timestamp="2025-02-12T11:16:05 IST">
  <testcase classname="tests.EndToEndTest" name="testUserRegistration" time="3.132">
    <failure type="java.lang.AssertionError" message="Registration failed! expected [true] but found [false]">
      <![CDATA[java.lang.AssertionError: Registration failed! expected [true] but found [false]
at tests.EndToEndTest.testUserRegistration(EndToEndTest.java:30)
at java.base/java.util.ArrayList.forEach(ArrayList.java:1597)
... Removed 28 stack frames]]>
    </failure>
  </testcase> <!-- testUserRegistration -->
  <testcase classname="tests.EndToEndTest" name="testUserLogin" time="1.773">
    <failure type="java.lang.AssertionError" message="Login failed! expected [true] but found [false]">
      <![CDATA[java.lang.AssertionError: Login failed! expected [true] but found [false]
at tests.EndToEndTest.testUserLogin(EndToEndTest.java:37)
at java.base/java.util.ArrayList.forEach(ArrayList.java:1597)
... Removed 28 stack frames]]>
    </failure>
  </testcase> <!-- testUserLogin -->
</testsuite> <!-- Chrome Test -->
